----------------------------------------------------------------------------------------------------------------------------------------------------------------------------------
      name:  <unnamed>
       log:  C:\Users\m.callaghan\Documents\GitHub\literate_stata\example\ex_2.log
  log type:  text
 opened on:   8 Feb 2016, 12:21:13

. *@s
. reg price weight rep78

      Source |       SS           df       MS      Number of obs   =        69
-------------+----------------------------------   F(2, 66)        =     18.63
       Model |   208158551         2   104079275   Prob > F        =    0.0000
    Residual |   368638408        66  5585430.43   R-squared       =    0.3609
-------------+----------------------------------   Adj R-squared   =    0.3415
       Total |   576796959        68  8482308.22   Root MSE        =    2363.4

------------------------------------------------------------------------------
       price |      Coef.   Std. Err.      t    P>|t|     [95% Conf. Interval]
-------------+----------------------------------------------------------------
      weight |      2.408   .3944697     6.10   0.000     1.620416    3.195584
       rep78 |   791.3852   315.9366     2.50   0.015     160.5974    1422.173
       _cons |  -3850.381   1923.469    -2.00   0.049    -7690.711   -10.05079
------------------------------------------------------------------------------

. *@e
. cap log close
